Using pre-set license
Built from '6000.1/staging' branch; Version is '6000.1.10f1 (3c681a6c22ff) revision 3958810'; Using compiler version '194234433'; Build Type 'Release'
OS: 'Windows 11  (10.0.26100) 64bit Professional' Language: 'ru' Physical Memory: 15773 MB
BatchMode: 1, IsHumanControllingUs: 0, StartBugReporterOnCrash: 0, Is64bit: 1, IsPro: 1
Date: 2025-07-09T22:29:46Z

COMMAND LINE ARGUMENTS:
C:\Program Files\Unity\Hub\Editor\6000.1.10f1\Editor\Unity.exe
-adb2
-batchMode
-noUpm
-name
AssetImportWorker9
-projectPath
C:/Users/Mikey/GunGame
-logFile
Logs/AssetImportWorker9.log
-srvPort
53397
-job-worker-count
7
-background-job-worker-count
8
-gc-helper-count
1
-name
AssetImport
Successfully changed project path to: C:/Users/Mikey/GunGame
C:/Users/Mikey/GunGame
[UnityMemory] Configuration Parameters - Can be set up in boot.config
    "memorysetup-allocator-temp-initial-block-size-main=262144"
    "memorysetup-allocator-temp-initial-block-size-worker=262144"
    "memorysetup-bucket-allocator-granularity=16"
    "memorysetup-bucket-allocator-bucket-count=8"
    "memorysetup-bucket-allocator-block-size=33554432"
    "memorysetup-bucket-allocator-block-count=8"
    "memorysetup-main-allocator-block-size=16777216"
    "memorysetup-thread-allocator-block-size=16777216"
    "memorysetup-gfx-main-allocator-block-size=16777216"
    "memorysetup-gfx-thread-allocator-block-size=16777216"
    "memorysetup-cache-allocator-block-size=4194304"
    "memorysetup-typetree-allocator-block-size=2097152"
    "memorysetup-profiler-bucket-allocator-granularity=16"
    "memorysetup-profiler-bucket-allocator-bucket-count=8"
    "memorysetup-profiler-bucket-allocator-block-size=33554432"
    "memorysetup-profiler-bucket-allocator-block-count=8"
    "memorysetup-profiler-allocator-block-size=16777216"
    "memorysetup-profiler-editor-allocator-block-size=1048576"
    "memorysetup-temp-allocator-size-main=16777216"
    "memorysetup-job-temp-allocator-block-size=2097152"
    "memorysetup-job-temp-allocator-block-size-background=1048576"
    "memorysetup-job-temp-allocator-reduction-small-platforms=262144"
    "memorysetup-temp-allocator-size-background-worker=32768"
    "memorysetup-temp-allocator-size-job-worker=262144"
    "memorysetup-temp-allocator-size-preload-manager=33554432"
    "memorysetup-temp-allocator-size-nav-mesh-worker=65536"
    "memorysetup-temp-allocator-size-audio-worker=65536"
    "memorysetup-temp-allocator-size-cloud-worker=32768"
    "memorysetup-temp-allocator-size-gi-baking-worker=262144"
    "memorysetup-temp-allocator-size-gi-baking-worker=262144"
    "memorysetup-temp-allocator-size-gi-baking-worker=262144"
    "memorysetup-temp-allocator-size-gi-baking-worker=262144"
    "memorysetup-temp-allocator-size-gi-baking-worker=262144"
    "memorysetup-temp-allocator-size-gfx=262144"
Player connection [32672]  Target information:

Player connection [32672]  * "[IP] 10.174.66.189 [Port] 0 [Flags] 2 [Guid] 2123285521 [EditorId] 2123285521 [Version] 1048832 [Id] WindowsEditor(7,Mikey95) [Debug] 1 [PackageName] WindowsEditor [ProjectName] Editor" 

Player connection [32672]  * "[IP] 192.168.0.4 [Port] 0 [Flags] 2 [Guid] 2123285521 [EditorId] 2123285521 [Version] 1048832 [Id] WindowsEditor(7,Mikey95) [Debug] 1 [PackageName] WindowsEditor [ProjectName] Editor" 

Player connection [32672] Host joined multi-casting on [225.0.0.222:54997]...
Player connection [32672] Host joined alternative multi-casting on [225.0.0.222:34997]...
JobSystem: Creating JobQueue using job-worker-count value 7
Input System module state changed to: Initialized.
[Physics::Module] Initialized fallback backend.
[Physics::Module] Id: 0xdecafbad
Library Redirect Path: Library/
[Physics::Module] Selected backend.
[Physics::Module] Name: PhysX
[Physics::Module] Id: 0xf2b8ea05
[Physics::Module] SDK Version: 4.1.2
[Physics::Module] Integration Version: 1.0.0
[Physics::Module] Threading Mode: Multi-Threaded
Refreshing native plugins compatible for Editor in 4.05 ms, found 3 plugins.
Preloading 0 native plugins for Editor in 0.00 ms.
Initialize engine version: 6000.1.10f1 (3c681a6c22ff)
[Subsystems] Discovering subsystems at path C:/Program Files/Unity/Hub/Editor/6000.1.10f1/Editor/Data/Resources/UnitySubsystems
[Subsystems] Discovering subsystems at path C:/Users/Mikey/GunGame/Assets
GfxDevice: creating device client; kGfxThreadingModeNonThreaded
Direct3D:
    Version:         Direct3D 12 [level 12.1]
    Renderer:        AMD Radeon(TM) Graphics (ID=0x1638)
    Vendor:          ATI
    VRAM:            7886 MB
    App VRAM Budget: 7707 MB
    Driver:          31.0.21921.1000
    Unified Memory Architecture
Shader 'WFX/Transparent Diffuse': fallback shader 'Particles/Alpha Blended' not found
Shader 'WFX/Transparent Specular': fallback shader 'Particles/Alpha Blended' not found
Initialize mono
Mono path[0] = 'C:/Program Files/Unity/Hub/Editor/6000.1.10f1/Editor/Data/Managed'
Mono path[1] = 'C:/Program Files/Unity/Hub/Editor/6000.1.10f1/Editor/Data/MonoBleedingEdge/lib/mono/unityjit-win32'
Mono config path = 'C:/Program Files/Unity/Hub/Editor/6000.1.10f1/Editor/Data/MonoBleedingEdge/etc'
Using monoOptions --debugger-agent=transport=dt_socket,embedding=1,server=y,suspend=n,address=127.0.0.1:56128
Begin MonoManager ReloadAssembly
Registering precompiled unity dll's ...
Register platform support module: C:/Program Files/Unity/Hub/Editor/6000.1.10f1/Editor/Data/PlaybackEngines/WebGLSupport/UnityEditor.WebGL.Extensions.dll
Register platform support module: C:/Program Files/Unity/Hub/Editor/6000.1.10f1/Editor/Data/PlaybackEngines/WindowsStandaloneSupport/UnityEditor.WindowsStandalone.Extensions.dll
Registered in 0.003691 seconds.
- Loaded All Assemblies, in  0.575 seconds
Native extension for WindowsStandalone target not found
Native extension for WebGL target not found
Mono: successfully reloaded assembly
- Finished resetting the current domain, in  0.556 seconds
Domain Reload Profiling: 1129ms
	BeginReloadAssembly (192ms)
		ExecutionOrderSort (0ms)
		DisableScriptedObjects (0ms)
		BackupInstance (0ms)
		ReleaseScriptingObjects (0ms)
		CreateAndSetChildDomain (1ms)
	RebuildCommonClasses (53ms)
	RebuildNativeTypeToScriptingClass (17ms)
	initialDomainReloadingComplete (72ms)
	LoadAllAssembliesAndSetupDomain (238ms)
		LoadAssemblies (187ms)
		RebuildTransferFunctionScriptingTraits (0ms)
		AnalyzeDomain (233ms)
			TypeCache.Refresh (231ms)
				TypeCache.ScanAssembly (213ms)
			BuildScriptInfoCaches (0ms)
			ResolveRequiredComponents (1ms)
	FinalizeReload (557ms)
		ReleaseScriptCaches (0ms)
		RebuildScriptCaches (0ms)
		SetupLoadedEditorAssemblies (487ms)
			LogAssemblyErrors (0ms)
			InitializePlatformSupportModulesInManaged (93ms)
			SetLoadedEditorAssemblies (5ms)
			BeforeProcessingInitializeOnLoad (96ms)
			ProcessInitializeOnLoadAttributes (207ms)
			ProcessInitializeOnLoadMethodAttributes (86ms)
			AfterProcessingInitializeOnLoad (0ms)
			EditorAssembliesLoaded (0ms)
		ExecutionOrderSort2 (0ms)
		AwakeInstancesAfterBackupRestoration (0ms)
========================================================================
Worker process is ready to serve import requests
Import Worker Mode flag is 0x00
Begin MonoManager ReloadAssembly
- Loaded All Assemblies, in  1.024 seconds
Refreshing native plugins compatible for Editor in 1.49 ms, found 3 plugins.
Native extension for WindowsStandalone target not found
Native extension for WebGL target not found
Mono: successfully reloaded assembly
- Finished resetting the current domain, in  0.869 seconds
Domain Reload Profiling: 1888ms
	BeginReloadAssembly (261ms)
		ExecutionOrderSort (0ms)
		DisableScriptedObjects (11ms)
		BackupInstance (0ms)
		ReleaseScriptingObjects (0ms)
		CreateAndSetChildDomain (40ms)
	RebuildCommonClasses (65ms)
	RebuildNativeTypeToScriptingClass (19ms)
	initialDomainReloadingComplete (65ms)
	LoadAllAssembliesAndSetupDomain (609ms)
		LoadAssemblies (469ms)
		RebuildTransferFunctionScriptingTraits (0ms)
		AnalyzeDomain (292ms)
			TypeCache.Refresh (240ms)
				TypeCache.ScanAssembly (220ms)
			BuildScriptInfoCaches (42ms)
			ResolveRequiredComponents (7ms)
	FinalizeReload (869ms)
		ReleaseScriptCaches (0ms)
		RebuildScriptCaches (0ms)
		SetupLoadedEditorAssemblies (709ms)
			LogAssemblyErrors (0ms)
			InitializePlatformSupportModulesInManaged (3ms)
			SetLoadedEditorAssemblies (7ms)
			BeforeProcessingInitializeOnLoad (155ms)
			ProcessInitializeOnLoadAttributes (498ms)
			ProcessInitializeOnLoadMethodAttributes (37ms)
			AfterProcessingInitializeOnLoad (9ms)
			EditorAssembliesLoaded (0ms)
		ExecutionOrderSort2 (0ms)
		AwakeInstancesAfterBackupRestoration (9ms)
Shader 'WFX/Transparent Specular': fallback shader 'Particles/Alpha Blended' not found
Shader 'WFX/Transparent Diffuse': fallback shader 'Particles/Alpha Blended' not found
Launched and connected shader compiler UnityShaderCompiler.exe after 0.02 seconds
Refreshing native plugins compatible for Editor in 1.51 ms, found 3 plugins.
Preloading 0 native plugins for Editor in 0.00 ms.
Unloading 20 Unused Serialized files (Serialized files now loaded: 0)
Unloading 3733 unused Assets / (1.3 MB). Loaded Objects now: 4237.
Memory consumption went from 88.0 MB to 86.7 MB.
Total: 9.947100 ms (FindLiveObjects: 0.616700 ms CreateObjectMapping: 0.525400 ms MarkObjects: 7.119600 ms  DeleteObjects: 1.682200 ms)

========================================================================
Received Import Request.
  Time since last request: 845718.572201 seconds.
  path: Assets/Prefabs/Asteroid3.prefab
  artifactKey: Guid(27259a5c09d2b9345b4091d6ee71423a) Importer(815301076,1909f56bfc062723c751e8b465ee728b)
Start importing Assets/Prefabs/Asteroid3.prefab using Guid(27259a5c09d2b9345b4091d6ee71423a) Importer(815301076,1909f56bfc062723c751e8b465ee728b) (PreviewImporter) -> (artifact id: '5e37168ca8387d86d33ce7054dce9398') in 0.273232 seconds
Number of updated asset objects reloaded before import = 0Number of asset objects unloaded after import = 159

========================================================================
Received Import Request.
  Time since last request: 82.678208 seconds.
  path: Assets/Space/Models/Cannon.FBX
  artifactKey: Guid(aff4c0d2f4a7f354fbb386fff5d08889) Importer(815301076,1909f56bfc062723c751e8b465ee728b)
Start importing Assets/Space/Models/Cannon.FBX using Guid(aff4c0d2f4a7f354fbb386fff5d08889) Importer(815301076,1909f56bfc062723c751e8b465ee728b) (PreviewImporter) -> (artifact id: '8039d98a6e236b57188f0b8450e6ac6c') in 0.1331457 seconds
Number of updated asset objects reloaded before import = 0Number of asset objects unloaded after import = 11

========================================================================
Received Import Request.
  Time since last request: 0.000027 seconds.
  path: Assets/Space/Models/Spaceship_Base.FBX
  artifactKey: Guid(1cb7de1dce4871a4ebeadd03418ba7ff) Importer(815301076,1909f56bfc062723c751e8b465ee728b)
Start importing Assets/Space/Models/Spaceship_Base.FBX using Guid(1cb7de1dce4871a4ebeadd03418ba7ff) Importer(815301076,1909f56bfc062723c751e8b465ee728b) (PreviewImporter) -> (artifact id: 'c0909d16f1402c8878bd0932cc0d1816') in 0.0454049 seconds
Number of updated asset objects reloaded before import = 0Number of asset objects unloaded after import = 11

========================================================================
Received Import Request.
  Time since last request: 381.297179 seconds.
  path: Assets/AsteroidPack/Textures/Asteroid_05_XXL/Asteroid_05_XXL_Height.png
  artifactKey: Guid(320af5e721c83bd4ca5f924accc7da41) Importer(815301076,1909f56bfc062723c751e8b465ee728b)
Start importing Assets/AsteroidPack/Textures/Asteroid_05_XXL/Asteroid_05_XXL_Height.png using Guid(320af5e721c83bd4ca5f924accc7da41) Importer(815301076,1909f56bfc062723c751e8b465ee728b) (PreviewImporter) -> (artifact id: 'e04f2d1b9cc287540b28fa2df9da0ce2') in 0.0406865 seconds
Number of updated asset objects reloaded before import = 0Number of asset objects unloaded after import = 2

========================================================================
Received Import Request.
  Time since last request: 0.000052 seconds.
  path: Assets/Space/Textures/Nave_D.tga
  artifactKey: Guid(f0125b2f485da2c4fb86397acc2e469a) Importer(815301076,1909f56bfc062723c751e8b465ee728b)
Start importing Assets/Space/Textures/Nave_D.tga using Guid(f0125b2f485da2c4fb86397acc2e469a) Importer(815301076,1909f56bfc062723c751e8b465ee728b) (PreviewImporter) -> (artifact id: 'ed53cbd563a89c76ec8ca43c8f025eb5') in 0.0278425 seconds
Number of updated asset objects reloaded before import = 0Number of asset objects unloaded after import = 2

========================================================================
Received Import Request.
  Time since last request: 0.000087 seconds.
  path: Assets/AsteroidPack/Textures/Asteroid_05_XXL/Asteroid_05_XXL_Metallic.png
  artifactKey: Guid(3e110039498539b499860f753650e10c) Importer(815301076,1909f56bfc062723c751e8b465ee728b)
Start importing Assets/AsteroidPack/Textures/Asteroid_05_XXL/Asteroid_05_XXL_Metallic.png using Guid(3e110039498539b499860f753650e10c) Importer(815301076,1909f56bfc062723c751e8b465ee728b) (PreviewImporter) -> (artifact id: 'ef853ca10210e65b63d4076421ec4c72') in 0.032028 seconds
Number of updated asset objects reloaded before import = 0Number of asset objects unloaded after import = 2

========================================================================
Received Import Request.
  Time since last request: 0.000021 seconds.
  path: Assets/Space/Textures/Nave_N.tga
  artifactKey: Guid(fa599ecdb8a00a04282a3481d008c256) Importer(815301076,1909f56bfc062723c751e8b465ee728b)
Start importing Assets/Space/Textures/Nave_N.tga using Guid(fa599ecdb8a00a04282a3481d008c256) Importer(815301076,1909f56bfc062723c751e8b465ee728b) (PreviewImporter) -> (artifact id: 'f840dc178147590d0869403470a869f7') in 0.0333326 seconds
Number of updated asset objects reloaded before import = 0Number of asset objects unloaded after import = 2

========================================================================
Received Import Request.
  Time since last request: 0.000076 seconds.
  path: Assets/Procedural fire/Textures/FireSphere2.png
  artifactKey: Guid(a52c2b00382a3264cbea32cfc2c36b34) Importer(815301076,1909f56bfc062723c751e8b465ee728b)
Start importing Assets/Procedural fire/Textures/FireSphere2.png using Guid(a52c2b00382a3264cbea32cfc2c36b34) Importer(815301076,1909f56bfc062723c751e8b465ee728b) (PreviewImporter) -> (artifact id: '9b4c88a8b5ed7166391b3c49bad394be') in 0.0418542 seconds
Number of updated asset objects reloaded before import = 0Number of asset objects unloaded after import = 2

========================================================================
Received Import Request.
  Time since last request: 3.216974 seconds.
  path: Assets/ExplosionEffects/WarFX/Desktop/Textures/Bullet Holes/WFX_T_BulletHoles Generic.tga
  artifactKey: Guid(098ba0ef089282845a4753e36b17d29d) Importer(815301076,1909f56bfc062723c751e8b465ee728b)
Start importing Assets/ExplosionEffects/WarFX/Desktop/Textures/Bullet Holes/WFX_T_BulletHoles Generic.tga using Guid(098ba0ef089282845a4753e36b17d29d) Importer(815301076,1909f56bfc062723c751e8b465ee728b) (PreviewImporter) -> (artifact id: '67669c8e452452a150ae9c57dcc6aadc') in 0.0305009 seconds
Number of updated asset objects reloaded before import = 0Number of asset objects unloaded after import = 2

========================================================================
Received Import Request.
  Time since last request: 0.085986 seconds.
  path: Assets/ExplosionEffects/WarFX/Desktop/Textures/Misc/WFX_T_Debris Generic.tga
  artifactKey: Guid(b23528b172bf0ab459d12b978186714c) Importer(815301076,1909f56bfc062723c751e8b465ee728b)
Start importing Assets/ExplosionEffects/WarFX/Desktop/Textures/Misc/WFX_T_Debris Generic.tga using Guid(b23528b172bf0ab459d12b978186714c) Importer(815301076,1909f56bfc062723c751e8b465ee728b) (PreviewImporter) -> (artifact id: '856dbb0c8540d78ec58af35bf635aa31') in 0.024742 seconds
Number of updated asset objects reloaded before import = 0Number of asset objects unloaded after import = 2

========================================================================
Received Import Request.
  Time since last request: 10.628770 seconds.
  path: Assets/ExplosionEffects/WarFX/Desktop/Textures/Flames/WFX_T_FlamesBig A8.tga
  artifactKey: Guid(506236d9deb4c264fa0e4c47cc390fe8) Importer(815301076,1909f56bfc062723c751e8b465ee728b)
Start importing Assets/ExplosionEffects/WarFX/Desktop/Textures/Flames/WFX_T_FlamesBig A8.tga using Guid(506236d9deb4c264fa0e4c47cc390fe8) Importer(815301076,1909f56bfc062723c751e8b465ee728b) (PreviewImporter) -> (artifact id: 'c7e3c77e0bd7a87b76cb9498c99e3a80') in 0.0174751 seconds
Number of updated asset objects reloaded before import = 0Number of asset objects unloaded after import = 2

========================================================================
Received Import Request.
  Time since last request: 0.001034 seconds.
  path: Assets/ExplosionEffects/WarFX/Desktop/Textures/Flames/WFX_T_FlamesSmallLoopAlpha.tga
  artifactKey: Guid(a9fd5240a7e9ed246b133b0059ab2cac) Importer(815301076,1909f56bfc062723c751e8b465ee728b)
Start importing Assets/ExplosionEffects/WarFX/Desktop/Textures/Flames/WFX_T_FlamesSmallLoopAlpha.tga using Guid(a9fd5240a7e9ed246b133b0059ab2cac) Importer(815301076,1909f56bfc062723c751e8b465ee728b) (PreviewImporter) -> (artifact id: 'b7470127e688247cc0d57ebd7e305a22') in 0.0184221 seconds
Number of updated asset objects reloaded before import = 0Number of asset objects unloaded after import = 2

========================================================================
Received Import Request.
  Time since last request: 0.000025 seconds.
  path: Assets/ExplosionEffects/WarFX/Desktop/Textures/Misc/WFX_T_GlowCircle A8.png
  artifactKey: Guid(ddd99084bf4dcd54e8a575ee0959c08e) Importer(815301076,1909f56bfc062723c751e8b465ee728b)
Start importing Assets/ExplosionEffects/WarFX/Desktop/Textures/Misc/WFX_T_GlowCircle A8.png using Guid(ddd99084bf4dcd54e8a575ee0959c08e) Importer(815301076,1909f56bfc062723c751e8b465ee728b) (PreviewImporter) -> (artifact id: 'ae16bb1ad8b9a208e8f114f65156da25') in 0.0192883 seconds
Number of updated asset objects reloaded before import = 0Number of asset objects unloaded after import = 2

========================================================================
Received Import Request.
  Time since last request: 0.000027 seconds.
  path: Assets/ExplosionEffects/WarFX/Desktop/Textures/Misc/WFX_T_GroundGlow A8.tga
  artifactKey: Guid(3b7cf048f14f7ca489a079bde70b6e80) Importer(815301076,1909f56bfc062723c751e8b465ee728b)
Start importing Assets/ExplosionEffects/WarFX/Desktop/Textures/Misc/WFX_T_GroundGlow A8.tga using Guid(3b7cf048f14f7ca489a079bde70b6e80) Importer(815301076,1909f56bfc062723c751e8b465ee728b) (PreviewImporter) -> (artifact id: 'efd52f08c11553f9a1e4ef72e82f14c7') in 0.017541 seconds
Number of updated asset objects reloaded before import = 0Number of asset objects unloaded after import = 2

========================================================================
Received Import Request.
  Time since last request: 0.674628 seconds.
  path: Assets/ExplosionEffects/WarFX/Desktop/Textures/Misc/WFX_T_SmallDots Inversed A8.png
  artifactKey: Guid(e251f05fa450bea41a476b69cf75cec0) Importer(815301076,1909f56bfc062723c751e8b465ee728b)
Start importing Assets/ExplosionEffects/WarFX/Desktop/Textures/Misc/WFX_T_SmallDots Inversed A8.png using Guid(e251f05fa450bea41a476b69cf75cec0) Importer(815301076,1909f56bfc062723c751e8b465ee728b) (PreviewImporter) -> (artifact id: '22d8362775d638d573664a9208b1ee7f') in 0.0202046 seconds
Number of updated asset objects reloaded before import = 0Number of asset objects unloaded after import = 2

========================================================================
Received Import Request.
  Time since last request: 11.809488 seconds.
  path: Assets/ExplosionEffects/WarFX/Desktop/Textures/Flames/WFX_T_StarFlames A8.tga
  artifactKey: Guid(714258cc1f8222649840f292337fb353) Importer(815301076,1909f56bfc062723c751e8b465ee728b)
Start importing Assets/ExplosionEffects/WarFX/Desktop/Textures/Flames/WFX_T_StarFlames A8.tga using Guid(714258cc1f8222649840f292337fb353) Importer(815301076,1909f56bfc062723c751e8b465ee728b) (PreviewImporter) -> (artifact id: '0b7723ef0a2ddbb86794b89c9719dd18') in 0.0212691 seconds
Number of updated asset objects reloaded before import = 0Number of asset objects unloaded after import = 2

========================================================================
Received Import Request.
  Time since last request: 2.966528 seconds.
  path: Assets/AsteroidPack/Textures/Asteroid_04_XL/Asteroid_04_XL_Metallic.png
  artifactKey: Guid(7be96aa7e38403b4595a1a29b7d3792b) Importer(815301076,1909f56bfc062723c751e8b465ee728b)
Start importing Assets/AsteroidPack/Textures/Asteroid_04_XL/Asteroid_04_XL_Metallic.png using Guid(7be96aa7e38403b4595a1a29b7d3792b) Importer(815301076,1909f56bfc062723c751e8b465ee728b) (PreviewImporter) -> (artifact id: 'fbcb187170a91979ef3c40581e575791') in 0.0341467 seconds
Number of updated asset objects reloaded before import = 0Number of asset objects unloaded after import = 2

========================================================================
Received Import Request.
  Time since last request: 0.036592 seconds.
  path: Assets/AsteroidPack/Textures/Asteroid_02_M/Asteroid_02_M_Metallic.png
  artifactKey: Guid(1f9e03d55519a404f981bdede5f199aa) Importer(815301076,1909f56bfc062723c751e8b465ee728b)
Start importing Assets/AsteroidPack/Textures/Asteroid_02_M/Asteroid_02_M_Metallic.png using Guid(1f9e03d55519a404f981bdede5f199aa) Importer(815301076,1909f56bfc062723c751e8b465ee728b) (PreviewImporter) -> (artifact id: '46e30af6274d4eb0229319d390f9657c') in 0.0248593 seconds
Number of updated asset objects reloaded before import = 0Number of asset objects unloaded after import = 2

========================================================================
Received Import Request.
  Time since last request: 0.000035 seconds.
  path: Assets/AsteroidPack/Textures/Asteroid_03_L/Asteroid_03_L_Height.png
  artifactKey: Guid(dd75b9a9fe68fed49ac2bc99a1d46ae3) Importer(815301076,1909f56bfc062723c751e8b465ee728b)
Start importing Assets/AsteroidPack/Textures/Asteroid_03_L/Asteroid_03_L_Height.png using Guid(dd75b9a9fe68fed49ac2bc99a1d46ae3) Importer(815301076,1909f56bfc062723c751e8b465ee728b) (PreviewImporter) -> (artifact id: '10249dbfa5129393c575abdb74498c48') in 0.0251435 seconds
Number of updated asset objects reloaded before import = 0Number of asset objects unloaded after import = 2

========================================================================
Received Import Request.
  Time since last request: 0.000031 seconds.
  path: Assets/AsteroidPack/Textures/Asteroid_01_S/Asteroid_01_S_Height.png
  artifactKey: Guid(f80925b95e8214045a36efe9fb8136ac) Importer(815301076,1909f56bfc062723c751e8b465ee728b)
Start importing Assets/AsteroidPack/Textures/Asteroid_01_S/Asteroid_01_S_Height.png using Guid(f80925b95e8214045a36efe9fb8136ac) Importer(815301076,1909f56bfc062723c751e8b465ee728b) (PreviewImporter) -> (artifact id: '9d8f20bc6fc01adbadb8ac929a2bac3f') in 0.0374894 seconds
Number of updated asset objects reloaded before import = 0Number of asset objects unloaded after import = 2

========================================================================
Received Import Request.
  Time since last request: 0.000023 seconds.
  path: Assets/AsteroidPack/Textures/Asteroid_03_L/Asteroid_03_L_Albedo.png
  artifactKey: Guid(175fe9d0ff8578b449c895a10549ea5b) Importer(815301076,1909f56bfc062723c751e8b465ee728b)
Start importing Assets/AsteroidPack/Textures/Asteroid_03_L/Asteroid_03_L_Albedo.png using Guid(175fe9d0ff8578b449c895a10549ea5b) Importer(815301076,1909f56bfc062723c751e8b465ee728b) (PreviewImporter) -> (artifact id: '957a395fd922b92703dad5e93d4cfca0') in 0.0244388 seconds
Number of updated asset objects reloaded before import = 0Number of asset objects unloaded after import = 2

Editor requested this worker to shutdown with reason: Scaling down because of idle timeout
AssetImportWorker is now disconnected from the server
Process exiting
Exiting without the bug reporter. Application will terminate with return code 0